<?xml version="1.0" encoding="UTF-8"?>
<testng-results ignored="0" total="1" passed="1" failed="0" skipped="0">
  <reporter-output>
  </reporter-output>
  <suite started-at="2024-11-25T12:49:57 IST" name="Default suite" finished-at="2024-11-25T12:50:08 IST" duration-ms="11019">
    <groups>
    </groups>
    <test started-at="2024-11-25T12:49:57 IST" name="Default test" finished-at="2024-11-25T12:50:08 IST" duration-ms="11019">
      <class name="testCases.ProfilePicTestCases">
        <test-method is-config="true" signature="launchBrowser()[pri:0, instance:testCases.ProfilePicTestCases@74e52ef6]" started-at="2024-11-25T12:49:48 IST" name="launchBrowser" finished-at="2024-11-25T12:49:57 IST" duration-ms="8688" status="PASS">
          <reporter-output>
          </reporter-output>
        </test-method> <!-- launchBrowser -->
        <test-method signature="verifyHRMPage()[pri:0, instance:testCases.ProfilePicTestCases@74e52ef6]" started-at="2024-11-25T12:49:57 IST" name="verifyHRMPage" finished-at="2024-11-25T12:50:08 IST" duration-ms="10978" status="PASS">
          <reporter-output>
          </reporter-output>
        </test-method> <!-- verifyHRMPage -->
        <test-method is-config="true" signature="tearDown()[pri:0, instance:testCases.ProfilePicTestCases@74e52ef6]" started-at="2024-11-25T12:50:08 IST" name="tearDown" finished-at="2024-11-25T12:50:09 IST" duration-ms="891" status="PASS">
          <reporter-output>
          </reporter-output>
        </test-method> <!-- tearDown -->
      </class> <!-- testCases.ProfilePicTestCases -->
    </test> <!-- Default test -->
  </suite> <!-- Default suite -->
</testng-results>
