<?xml version="1.0" encoding="UTF-8"?>
<testng-results ignored="0" total="1" passed="1" failed="0" skipped="0">
  <reporter-output>
  </reporter-output>
  <suite started-at="2024-11-24T15:20:20 IST" name="HRM TestSuite" finished-at="2024-11-24T15:20:30 IST" duration-ms="9637">
    <groups>
    </groups>
    <test started-at="2024-11-24T15:20:20 IST" name="My Info Page Test Cases" finished-at="2024-11-24T15:20:30 IST" duration-ms="9637">
      <class name="testCases.DashboardTestCases">
        <test-method is-config="true" signature="launchBrowser()[pri:0, instance:testCases.DashboardTestCases@62ddbd7e]" started-at="2024-11-24T15:20:14 IST" name="launchBrowser" finished-at="2024-11-24T15:20:20 IST" duration-ms="6890" status="PASS">
          <reporter-output>
          </reporter-output>
        </test-method> <!-- launchBrowser -->
        <test-method signature="verifyDashboardPage()[pri:0, instance:testCases.DashboardTestCases@62ddbd7e]" started-at="2024-11-24T15:20:20 IST" name="verifyDashboardPage" finished-at="2024-11-24T15:20:30 IST" duration-ms="9587" status="PASS">
          <reporter-output>
          </reporter-output>
        </test-method> <!-- verifyDashboardPage -->
        <test-method is-config="true" signature="tearDown()[pri:0, instance:testCases.DashboardTestCases@62ddbd7e]" started-at="2024-11-24T15:20:30 IST" name="tearDown" finished-at="2024-11-24T15:20:31 IST" duration-ms="706" status="PASS">
          <reporter-output>
          </reporter-output>
        </test-method> <!-- tearDown -->
      </class> <!-- testCases.DashboardTestCases -->
    </test> <!-- My Info Page Test Cases -->
  </suite> <!-- HRM TestSuite -->
</testng-results>
